[May 12 15:38:14.650] judgedaemon[44]: Judge started on c12c608513d3-0 [DOMjudge/7.2.0]
[May 12 15:38:14.653] judgedaemon[44]: Installing signal handlers
[May 12 15:38:14.653] judgedaemon[44]: executing chroot script: 'chroot-startstop.sh check'
[May 12 15:38:14.654] judgedaemon[44]: Registering judgehost on endpoint default: http://domserver/api/v4
[May 12 15:38:14.796] judgedaemon[44]: API request POST judgehosts
[May 12 15:38:14.809] judgedaemon[44]: warning: Error while executing curl POST to url http://domserver/api/v4/judgehosts: Could not resolve host: domserver
[May 12 15:38:14.809] judgedaemon[44]: Registering judgehost on endpoint default failed.
[May 12 15:38:44.810] judgedaemon[44]: Registering judgehost on endpoint default: http://domserver/api/v4
[May 12 15:38:44.812] judgedaemon[44]: API request POST judgehosts
[May 12 15:38:44.812] judgedaemon[44]: warning: Error while executing curl POST to url http://domserver/api/v4/judgehosts: Failed to connect to domserver port 80: Connection refused
[May 12 15:38:44.812] judgedaemon[44]: Registering judgehost on endpoint default failed.
[May 12 15:39:14.813] judgedaemon[44]: Registering judgehost on endpoint default: http://domserver/api/v4
[May 12 15:39:14.816] judgedaemon[44]: API request POST judgehosts
[May 12 15:39:14.816] judgedaemon[44]: warning: Error while executing curl POST to url http://domserver/api/v4/judgehosts: Failed to connect to domserver port 80: Connection refused
[May 12 15:39:14.816] judgedaemon[44]: Registering judgehost on endpoint default failed.
[May 12 15:39:44.817] judgedaemon[44]: Registering judgehost on endpoint default: http://domserver/api/v4
[May 12 15:39:44.820] judgedaemon[44]: API request POST judgehosts
[May 12 15:39:45.180] judgedaemon[44]: warning: Error while executing curl POST to url http://domserver/api/v4/judgehosts: http status code: 500, request size = 23, response: {"code":500,"message":"An exception occurred while executing 'SELECT j0_.judgingid AS judgingid_0, j0_.cid AS cid_1, j0_.submitid AS submitid_2, j0_.starttime AS starttime_3, j0_.endtime AS endtime_4, j0_.result AS result_5, j0_.verified AS verified_6, j0_.jury_member AS jury_member_7, j0_.verify_comment AS verify_comment_8, j0_.valid AS valid_9, j0_.output_compile AS output_compile_10, j0_.seen AS seen_11, j0_.rejudgingid AS rejudgingid_12, j0_.prevjudgingid AS prevjudgingid_13, j0_.judgehost AS judgehost_14, j0_.task_result AS task_result_15, j0_.cid AS cid_16, j0_.submitid AS submitid_17, j0_.judgehost AS judgehost_18, j0_.rejudgingid AS rejudgingid_19, j0_.prevjudgingid AS prevjudgingid_20 FROM judging j0_ INNER JOIN judgehost j1_ ON j0_.judgehost = j1_.hostname LEFT JOIN rejudging r2_ ON j0_.rejudgingid = r2_.rejudgingid WHERE j1_.hostname = ? AND j0_.endtime IS NULL AND (j0_.valid = 1 OR r2_.valid = 1)' with params [\"c12c608513d3-0\"]:\n\nSQLSTATE[42S22]: Column not found: 1054 Unknown column 'j0_.task_result' in 'field list'"}
[May 12 15:39:45.180] judgedaemon[44]: Registering judgehost on endpoint default failed.
[May 12 15:40:15.181] judgedaemon[44]: Registering judgehost on endpoint default: http://domserver/api/v4
[May 12 15:40:15.185] judgedaemon[44]: API request POST judgehosts
[May 12 15:40:15.220] judgedaemon[44]: warning: Error while executing curl POST to url http://domserver/api/v4/judgehosts: http status code: 500, request size = 23, response: {"code":500,"message":"An exception occurred while executing 'SELECT t0.configid AS configid_1, t0.name AS name_2, t0.value AS value_3, t0.type AS type_4, t0.public AS public_5, t0.category AS category_6, t0.description AS description_7 FROM configuration t0':\n\nSQLSTATE[42S02]: Base table or view not found: 1146 Table 'domjudge.configuration' doesn't exist"}
[May 12 15:40:15.220] judgedaemon[44]: Registering judgehost on endpoint default failed.
[May 12 15:40:45.221] judgedaemon[44]: Registering judgehost on endpoint default: http://domserver/api/v4
[May 12 15:40:45.223] judgedaemon[44]: API request POST judgehosts
[May 12 15:40:45.247] judgedaemon[44]: warning: Error while executing curl POST to url http://domserver/api/v4/judgehosts: http status code: 500, request size = 23, response: {"code":500,"message":"An exception occurred while executing 'SELECT t0.configid AS configid_1, t0.name AS name_2, t0.value AS value_3, t0.type AS type_4, t0.public AS public_5, t0.category AS category_6, t0.description AS description_7 FROM configuration t0':\n\nSQLSTATE[42S02]: Base table or view not found: 1146 Table 'domjudge.configuration' doesn't exist"}
[May 12 15:40:45.248] judgedaemon[44]: Registering judgehost on endpoint default failed.
[May 12 15:41:15.248] judgedaemon[44]: Registering judgehost on endpoint default: http://domserver/api/v4
[May 12 15:41:15.251] judgedaemon[44]: API request POST judgehosts
[May 12 15:41:15.288] judgedaemon[44]: warning: Error while executing curl POST to url http://domserver/api/v4/judgehosts: http status code: 500, request size = 23, response: {"code":500,"message":"An exception occurred while executing 'SELECT t0.userid AS userid_1, t0.username AS username_2, t0.name AS name_3, t0.email AS email_4, t0.last_login AS last_login_5, t0.first_login AS first_login_6, t0.last_ip_address AS last_ip_address_7, t0.password AS password_8, t0.ip_address AS ip_address_9, t0.enabled AS enabled_10, t0.teamid AS teamid_11, t0.teamid AS teamid_12 FROM user t0 WHERE t0.username = ? LIMIT 1' with params [\"judgehost\"]:\n\nSQLSTATE[42S02]: Base table or view not found: 1146 Table 'domjudge.user' doesn't exist"}
[May 12 15:41:15.288] judgedaemon[44]: Registering judgehost on endpoint default failed.
[May 12 15:41:45.289] judgedaemon[44]: Registering judgehost on endpoint default: http://domserver/api/v4
[May 12 15:41:45.296] judgedaemon[44]: API request POST judgehosts
[May 12 15:41:46.031] judgedaemon[44]: Reconnected to endpoint default.
[May 12 15:41:51.032] judgedaemon[44]: API request GET config
[May 12 15:41:51.303] judgedaemon[44]: API request POST judgehosts/next-judging/c12c608513d3-0
[May 12 15:41:51.651] judgedaemon[44]: No submissions in queue (for endpoint default), waiting...
[May 12 22:40:54.032] judgedaemon[44]: Signal 15 received
[May 12 22:40:54.051] judgedaemon[44]: Received signal, exiting.
[May 12 22:41:04.491] judgedaemon[34]: Judge started on c12c608513d3-0 [DOMjudge/7.2.0]
[May 12 22:41:04.519] judgedaemon[34]: Installing signal handlers
[May 12 22:41:04.519] judgedaemon[34]: executing chroot script: 'chroot-startstop.sh check'
[May 12 22:41:04.540] judgedaemon[34]: Registering judgehost on endpoint default: http://domserver/api/v4
[May 12 22:41:04.574] judgedaemon[34]: API request POST judgehosts
[May 12 22:41:05.644] judgedaemon[34]: warning: Error while executing curl POST to url http://domserver/api/v4/judgehosts: Failed to connect to domserver port 80: Connection refused
[May 12 22:41:05.644] judgedaemon[34]: Registering judgehost on endpoint default failed.
[May 12 22:41:35.645] judgedaemon[34]: Registering judgehost on endpoint default: http://domserver/api/v4
[May 12 22:41:35.651] judgedaemon[34]: API request POST judgehosts
[May 12 22:41:35.665] judgedaemon[34]: warning: Error while executing curl POST to url http://domserver/api/v4/judgehosts: Could not resolve host: domserver
[May 12 22:41:35.665] judgedaemon[34]: Registering judgehost on endpoint default failed.
[May 12 22:41:47.087] judgedaemon[34]: Signal 15 received
[May 12 22:41:47.087] judgedaemon[34]: Received signal, exiting.
