[May 13 13:30:40.363] judgedaemon[44]: Judge started on 442e191d3888-0 [DOMjudge/7.2.0]
[May 13 13:30:40.421] judgedaemon[44]: Installing signal handlers
[May 13 13:30:40.421] judgedaemon[44]: executing chroot script: 'chroot-startstop.sh check'
[May 13 13:30:40.457] judgedaemon[44]: Registering judgehost on endpoint default: http://domserver/api/v4
[May 13 13:30:40.527] judgedaemon[44]: API request POST judgehosts
[May 13 13:30:40.540] judgedaemon[44]: warning: Error while executing curl POST to url http://domserver/api/v4/judgehosts: Could not resolve host: domserver
[May 13 13:30:40.581] judgedaemon[44]: Registering judgehost on endpoint default failed.
[May 13 13:31:10.582] judgedaemon[44]: Registering judgehost on endpoint default: http://domserver/api/v4
[May 13 13:31:10.587] judgedaemon[44]: API request POST judgehosts
[May 13 13:31:10.588] judgedaemon[44]: warning: Error while executing curl POST to url http://domserver/api/v4/judgehosts: Failed to connect to domserver port 80: Connection refused
[May 13 13:31:10.589] judgedaemon[44]: Registering judgehost on endpoint default failed.
[May 13 13:31:40.589] judgedaemon[44]: Registering judgehost on endpoint default: http://domserver/api/v4
[May 13 13:31:40.591] judgedaemon[44]: API request POST judgehosts
[May 13 13:31:40.592] judgedaemon[44]: warning: Error while executing curl POST to url http://domserver/api/v4/judgehosts: Failed to connect to domserver port 80: Connection refused
[May 13 13:31:40.592] judgedaemon[44]: Registering judgehost on endpoint default failed.
[May 13 13:32:10.593] judgedaemon[44]: Registering judgehost on endpoint default: http://domserver/api/v4
[May 13 13:32:10.596] judgedaemon[44]: API request POST judgehosts
[May 13 13:32:10.947] judgedaemon[44]: warning: Error while executing curl POST to url http://domserver/api/v4/judgehosts: http status code: 500, request size = 23, response: {"code":500,"message":"An exception occurred while executing 'SELECT j0_.judgingid AS judgingid_0, j0_.cid AS cid_1, j0_.submitid AS submitid_2, j0_.starttime AS starttime_3, j0_.endtime AS endtime_4, j0_.result AS result_5, j0_.verified AS verified_6, j0_.jury_member AS jury_member_7, j0_.verify_comment AS verify_comment_8, j0_.valid AS valid_9, j0_.output_compile AS output_compile_10, j0_.seen AS seen_11, j0_.rejudgingid AS rejudgingid_12, j0_.prevjudgingid AS prevjudgingid_13, j0_.judgehost AS judgehost_14, j0_.task_result AS task_result_15, j0_.cid AS cid_16, j0_.submitid AS submitid_17, j0_.judgehost AS judgehost_18, j0_.rejudgingid AS rejudgingid_19, j0_.prevjudgingid AS prevjudgingid_20 FROM judging j0_ INNER JOIN judgehost j1_ ON j0_.judgehost = j1_.hostname LEFT JOIN rejudging r2_ ON j0_.rejudgingid = r2_.rejudgingid WHERE j1_.hostname = ? AND j0_.endtime IS NULL AND (j0_.valid = 1 OR r2_.valid = 1)' with params [\"442e191d3888-0\"]:\n\nSQLSTATE[42S22]: Column not found: 1054 Unknown column 'j0_.task_result' in 'field list'"}
[May 13 13:32:10.947] judgedaemon[44]: Registering judgehost on endpoint default failed.
[May 13 13:32:40.948] judgedaemon[44]: Registering judgehost on endpoint default: http://domserver/api/v4
[May 13 13:32:40.950] judgedaemon[44]: API request POST judgehosts
[May 13 13:32:41.056] judgedaemon[44]: warning: Error while executing curl POST to url http://domserver/api/v4/judgehosts: http status code: 500, request size = 23, response: {"code":500,"message":"An exception occurred while executing 'SELECT j0_.judgingid AS judgingid_0, j0_.cid AS cid_1, j0_.submitid AS submitid_2, j0_.starttime AS starttime_3, j0_.endtime AS endtime_4, j0_.result AS result_5, j0_.verified AS verified_6, j0_.jury_member AS jury_member_7, j0_.verify_comment AS verify_comment_8, j0_.valid AS valid_9, j0_.output_compile AS output_compile_10, j0_.seen AS seen_11, j0_.rejudgingid AS rejudgingid_12, j0_.prevjudgingid AS prevjudgingid_13, j0_.judgehost AS judgehost_14, j0_.task_result AS task_result_15, j0_.cid AS cid_16, j0_.submitid AS submitid_17, j0_.judgehost AS judgehost_18, j0_.rejudgingid AS rejudgingid_19, j0_.prevjudgingid AS prevjudgingid_20 FROM judging j0_ INNER JOIN judgehost j1_ ON j0_.judgehost = j1_.hostname LEFT JOIN rejudging r2_ ON j0_.rejudgingid = r2_.rejudgingid WHERE j1_.hostname = ? AND j0_.endtime IS NULL AND (j0_.valid = 1 OR r2_.valid = 1)' with params [\"442e191d3888-0\"]:\n\nSQLSTATE[42S22]: Column not found: 1054 Unknown column 'j0_.task_result' in 'field list'"}
[May 13 13:32:41.056] judgedaemon[44]: Registering judgehost on endpoint default failed.
[May 13 13:33:11.057] judgedaemon[44]: Registering judgehost on endpoint default: http://domserver/api/v4
[May 13 13:33:11.064] judgedaemon[44]: API request POST judgehosts
[May 13 13:33:11.187] judgedaemon[44]: warning: Error while executing curl POST to url http://domserver/api/v4/judgehosts: http status code: 500, request size = 23, response: {"code":500,"message":"An exception occurred while executing 'SELECT j0_.judgingid AS judgingid_0, j0_.cid AS cid_1, j0_.submitid AS submitid_2, j0_.starttime AS starttime_3, j0_.endtime AS endtime_4, j0_.result AS result_5, j0_.verified AS verified_6, j0_.jury_member AS jury_member_7, j0_.verify_comment AS verify_comment_8, j0_.valid AS valid_9, j0_.output_compile AS output_compile_10, j0_.seen AS seen_11, j0_.rejudgingid AS rejudgingid_12, j0_.prevjudgingid AS prevjudgingid_13, j0_.judgehost AS judgehost_14, j0_.task_result AS task_result_15, j0_.cid AS cid_16, j0_.submitid AS submitid_17, j0_.judgehost AS judgehost_18, j0_.rejudgingid AS rejudgingid_19, j0_.prevjudgingid AS prevjudgingid_20 FROM judging j0_ INNER JOIN judgehost j1_ ON j0_.judgehost = j1_.hostname LEFT JOIN rejudging r2_ ON j0_.rejudgingid = r2_.rejudgingid WHERE j1_.hostname = ? AND j0_.endtime IS NULL AND (j0_.valid = 1 OR r2_.valid = 1)' with params [\"442e191d3888-0\"]:\n\nSQLSTATE[42S22]: Column not found: 1054 Unknown column 'j0_.task_result' in 'field list'"}
[May 13 13:33:11.187] judgedaemon[44]: Registering judgehost on endpoint default failed.
[May 13 13:33:41.188] judgedaemon[44]: Registering judgehost on endpoint default: http://domserver/api/v4
[May 13 13:33:41.192] judgedaemon[44]: API request POST judgehosts
[May 13 13:33:41.302] judgedaemon[44]: warning: Error while executing curl POST to url http://domserver/api/v4/judgehosts: http status code: 500, request size = 23, response: {"code":500,"message":"An exception occurred while executing 'SELECT j0_.judgingid AS judgingid_0, j0_.cid AS cid_1, j0_.submitid AS submitid_2, j0_.starttime AS starttime_3, j0_.endtime AS endtime_4, j0_.result AS result_5, j0_.verified AS verified_6, j0_.jury_member AS jury_member_7, j0_.verify_comment AS verify_comment_8, j0_.valid AS valid_9, j0_.output_compile AS output_compile_10, j0_.seen AS seen_11, j0_.rejudgingid AS rejudgingid_12, j0_.prevjudgingid AS prevjudgingid_13, j0_.judgehost AS judgehost_14, j0_.task_result AS task_result_15, j0_.cid AS cid_16, j0_.submitid AS submitid_17, j0_.judgehost AS judgehost_18, j0_.rejudgingid AS rejudgingid_19, j0_.prevjudgingid AS prevjudgingid_20 FROM judging j0_ INNER JOIN judgehost j1_ ON j0_.judgehost = j1_.hostname LEFT JOIN rejudging r2_ ON j0_.rejudgingid = r2_.rejudgingid WHERE j1_.hostname = ? AND j0_.endtime IS NULL AND (j0_.valid = 1 OR r2_.valid = 1)' with params [\"442e191d3888-0\"]:\n\nSQLSTATE[42S22]: Column not found: 1054 Unknown column 'j0_.task_result' in 'field list'"}
[May 13 13:33:41.302] judgedaemon[44]: Registering judgehost on endpoint default failed.
[May 13 13:34:11.303] judgedaemon[44]: Registering judgehost on endpoint default: http://domserver/api/v4
[May 13 13:34:11.309] judgedaemon[44]: API request POST judgehosts
[May 13 13:34:11.440] judgedaemon[44]: warning: Error while executing curl POST to url http://domserver/api/v4/judgehosts: http status code: 500, request size = 23, response: {"code":500,"message":"An exception occurred while executing 'SELECT j0_.judgingid AS judgingid_0, j0_.cid AS cid_1, j0_.submitid AS submitid_2, j0_.starttime AS starttime_3, j0_.endtime AS endtime_4, j0_.result AS result_5, j0_.verified AS verified_6, j0_.jury_member AS jury_member_7, j0_.verify_comment AS verify_comment_8, j0_.valid AS valid_9, j0_.output_compile AS output_compile_10, j0_.seen AS seen_11, j0_.rejudgingid AS rejudgingid_12, j0_.prevjudgingid AS prevjudgingid_13, j0_.judgehost AS judgehost_14, j0_.task_result AS task_result_15, j0_.cid AS cid_16, j0_.submitid AS submitid_17, j0_.judgehost AS judgehost_18, j0_.rejudgingid AS rejudgingid_19, j0_.prevjudgingid AS prevjudgingid_20 FROM judging j0_ INNER JOIN judgehost j1_ ON j0_.judgehost = j1_.hostname LEFT JOIN rejudging r2_ ON j0_.rejudgingid = r2_.rejudgingid WHERE j1_.hostname = ? AND j0_.endtime IS NULL AND (j0_.valid = 1 OR r2_.valid = 1)' with params [\"442e191d3888-0\"]:\n\nSQLSTATE[42S22]: Column not found: 1054 Unknown column 'j0_.task_result' in 'field list'"}
[May 13 13:34:11.441] judgedaemon[44]: Registering judgehost on endpoint default failed.
[May 13 13:34:41.442] judgedaemon[44]: Registering judgehost on endpoint default: http://domserver/api/v4
[May 13 13:34:41.447] judgedaemon[44]: API request POST judgehosts
[May 13 13:34:41.563] judgedaemon[44]: warning: Error while executing curl POST to url http://domserver/api/v4/judgehosts: http status code: 500, request size = 23, response: {"code":500,"message":"An exception occurred while executing 'SELECT j0_.judgingid AS judgingid_0, j0_.cid AS cid_1, j0_.submitid AS submitid_2, j0_.starttime AS starttime_3, j0_.endtime AS endtime_4, j0_.result AS result_5, j0_.verified AS verified_6, j0_.jury_member AS jury_member_7, j0_.verify_comment AS verify_comment_8, j0_.valid AS valid_9, j0_.output_compile AS output_compile_10, j0_.seen AS seen_11, j0_.rejudgingid AS rejudgingid_12, j0_.prevjudgingid AS prevjudgingid_13, j0_.judgehost AS judgehost_14, j0_.task_result AS task_result_15, j0_.cid AS cid_16, j0_.submitid AS submitid_17, j0_.judgehost AS judgehost_18, j0_.rejudgingid AS rejudgingid_19, j0_.prevjudgingid AS prevjudgingid_20 FROM judging j0_ INNER JOIN judgehost j1_ ON j0_.judgehost = j1_.hostname LEFT JOIN rejudging r2_ ON j0_.rejudgingid = r2_.rejudgingid WHERE j1_.hostname = ? AND j0_.endtime IS NULL AND (j0_.valid = 1 OR r2_.valid = 1)' with params [\"442e191d3888-0\"]:\n\nSQLSTATE[42S22]: Column not found: 1054 Unknown column 'j0_.task_result' in 'field list'"}
[May 13 13:34:41.563] judgedaemon[44]: Registering judgehost on endpoint default failed.
[May 13 13:35:11.564] judgedaemon[44]: Registering judgehost on endpoint default: http://domserver/api/v4
[May 13 13:35:11.569] judgedaemon[44]: API request POST judgehosts
[May 13 13:35:11.678] judgedaemon[44]: warning: Error while executing curl POST to url http://domserver/api/v4/judgehosts: http status code: 500, request size = 23, response: {"code":500,"message":"An exception occurred while executing 'SELECT j0_.judgingid AS judgingid_0, j0_.cid AS cid_1, j0_.submitid AS submitid_2, j0_.starttime AS starttime_3, j0_.endtime AS endtime_4, j0_.result AS result_5, j0_.verified AS verified_6, j0_.jury_member AS jury_member_7, j0_.verify_comment AS verify_comment_8, j0_.valid AS valid_9, j0_.output_compile AS output_compile_10, j0_.seen AS seen_11, j0_.rejudgingid AS rejudgingid_12, j0_.prevjudgingid AS prevjudgingid_13, j0_.judgehost AS judgehost_14, j0_.task_result AS task_result_15, j0_.cid AS cid_16, j0_.submitid AS submitid_17, j0_.judgehost AS judgehost_18, j0_.rejudgingid AS rejudgingid_19, j0_.prevjudgingid AS prevjudgingid_20 FROM judging j0_ INNER JOIN judgehost j1_ ON j0_.judgehost = j1_.hostname LEFT JOIN rejudging r2_ ON j0_.rejudgingid = r2_.rejudgingid WHERE j1_.hostname = ? AND j0_.endtime IS NULL AND (j0_.valid = 1 OR r2_.valid = 1)' with params [\"442e191d3888-0\"]:\n\nSQLSTATE[42S22]: Column not found: 1054 Unknown column 'j0_.task_result' in 'field list'"}
[May 13 13:35:11.678] judgedaemon[44]: Registering judgehost on endpoint default failed.
[May 13 13:35:41.679] judgedaemon[44]: Registering judgehost on endpoint default: http://domserver/api/v4
[May 13 13:35:41.683] judgedaemon[44]: API request POST judgehosts
[May 13 13:35:41.785] judgedaemon[44]: warning: Error while executing curl POST to url http://domserver/api/v4/judgehosts: http status code: 500, request size = 23, response: {"code":500,"message":"An exception occurred while executing 'SELECT j0_.judgingid AS judgingid_0, j0_.cid AS cid_1, j0_.submitid AS submitid_2, j0_.starttime AS starttime_3, j0_.endtime AS endtime_4, j0_.result AS result_5, j0_.verified AS verified_6, j0_.jury_member AS jury_member_7, j0_.verify_comment AS verify_comment_8, j0_.valid AS valid_9, j0_.output_compile AS output_compile_10, j0_.seen AS seen_11, j0_.rejudgingid AS rejudgingid_12, j0_.prevjudgingid AS prevjudgingid_13, j0_.judgehost AS judgehost_14, j0_.task_result AS task_result_15, j0_.cid AS cid_16, j0_.submitid AS submitid_17, j0_.judgehost AS judgehost_18, j0_.rejudgingid AS rejudgingid_19, j0_.prevjudgingid AS prevjudgingid_20 FROM judging j0_ INNER JOIN judgehost j1_ ON j0_.judgehost = j1_.hostname LEFT JOIN rejudging r2_ ON j0_.rejudgingid = r2_.rejudgingid WHERE j1_.hostname = ? AND j0_.endtime IS NULL AND (j0_.valid = 1 OR r2_.valid = 1)' with params [\"442e191d3888-0\"]:\n\nSQLSTATE[42S22]: Column not found: 1054 Unknown column 'j0_.task_result' in 'field list'"}
[May 13 13:35:41.785] judgedaemon[44]: Registering judgehost on endpoint default failed.
[May 13 13:36:11.786] judgedaemon[44]: Registering judgehost on endpoint default: http://domserver/api/v4
[May 13 13:36:11.789] judgedaemon[44]: API request POST judgehosts
[May 13 13:36:11.827] judgedaemon[44]: warning: Error while executing curl POST to url http://domserver/api/v4/judgehosts: http status code: 500, request size = 23, response: {"code":500,"message":"An exception occurred while executing 'SELECT t0.userid AS userid_1, t0.username AS username_2, t0.name AS name_3, t0.email AS email_4, t0.last_login AS last_login_5, t0.first_login AS first_login_6, t0.last_ip_address AS last_ip_address_7, t0.password AS password_8, t0.ip_address AS ip_address_9, t0.enabled AS enabled_10, t0.teamid AS teamid_11, t0.teamid AS teamid_12 FROM user t0 WHERE t0.username = ? LIMIT 1' with params [\"judgehost\"]:\n\nSQLSTATE[42S02]: Base table or view not found: 1146 Table 'domjudge.user' doesn't exist"}
[May 13 13:36:11.827] judgedaemon[44]: Registering judgehost on endpoint default failed.
[May 13 13:36:41.828] judgedaemon[44]: Registering judgehost on endpoint default: http://domserver/api/v4
[May 13 13:36:41.830] judgedaemon[44]: API request POST judgehosts
[May 13 13:36:42.393] judgedaemon[44]: Reconnected to endpoint default.
[May 13 13:36:47.393] judgedaemon[44]: API request GET config
[May 13 13:36:47.607] judgedaemon[44]: API request POST judgehosts/next-judging/442e191d3888-0
[May 13 13:36:47.792] judgedaemon[44]: No submissions in queue (for endpoint default), waiting...
[May 13 13:48:26.657] judgedaemon[44]: Signal 15 received
[May 13 13:48:26.657] judgedaemon[44]: Received signal, exiting.
