[May 12 23:01:05.369] judgedaemon[44]: Judge started on a9c6aedf9fa2-0 [DOMjudge/7.2.0]
[May 12 23:01:05.428] judgedaemon[44]: Installing signal handlers
[May 12 23:01:05.428] judgedaemon[44]: executing chroot script: 'chroot-startstop.sh check'
[May 12 23:01:05.430] judgedaemon[44]: Registering judgehost on endpoint default: http://domserver/api/v4
[May 12 23:01:05.504] judgedaemon[44]: API request POST judgehosts
[May 12 23:01:05.505] judgedaemon[44]: warning: Error while executing curl POST to url http://domserver/api/v4/judgehosts: Failed to connect to domserver port 80: Connection refused
[May 12 23:01:05.505] judgedaemon[44]: Registering judgehost on endpoint default failed.
[May 12 23:01:35.505] judgedaemon[44]: Registering judgehost on endpoint default: http://domserver/api/v4
[May 12 23:01:35.508] judgedaemon[44]: API request POST judgehosts
[May 12 23:01:35.508] judgedaemon[44]: warning: Error while executing curl POST to url http://domserver/api/v4/judgehosts: Failed to connect to domserver port 80: Connection refused
[May 12 23:01:35.508] judgedaemon[44]: Registering judgehost on endpoint default failed.
[May 12 23:02:05.509] judgedaemon[44]: Registering judgehost on endpoint default: http://domserver/api/v4
[May 12 23:02:05.512] judgedaemon[44]: API request POST judgehosts
[May 12 23:02:05.512] judgedaemon[44]: warning: Error while executing curl POST to url http://domserver/api/v4/judgehosts: Failed to connect to domserver port 80: Connection refused
[May 12 23:02:05.512] judgedaemon[44]: Registering judgehost on endpoint default failed.
[May 12 23:02:35.513] judgedaemon[44]: Registering judgehost on endpoint default: http://domserver/api/v4
[May 12 23:02:35.516] judgedaemon[44]: API request POST judgehosts
[May 12 23:02:35.889] judgedaemon[44]: warning: Error while executing curl POST to url http://domserver/api/v4/judgehosts: http status code: 500, request size = 23, response: {"code":500,"message":"An exception occurred while executing 'SELECT j0_.judgingid AS judgingid_0, j0_.cid AS cid_1, j0_.submitid AS submitid_2, j0_.starttime AS starttime_3, j0_.endtime AS endtime_4, j0_.result AS result_5, j0_.verified AS verified_6, j0_.jury_member AS jury_member_7, j0_.verify_comment AS verify_comment_8, j0_.valid AS valid_9, j0_.output_compile AS output_compile_10, j0_.seen AS seen_11, j0_.rejudgingid AS rejudgingid_12, j0_.prevjudgingid AS prevjudgingid_13, j0_.judgehost AS judgehost_14, j0_.task_result AS task_result_15, j0_.cid AS cid_16, j0_.submitid AS submitid_17, j0_.judgehost AS judgehost_18, j0_.rejudgingid AS rejudgingid_19, j0_.prevjudgingid AS prevjudgingid_20 FROM judging j0_ INNER JOIN judgehost j1_ ON j0_.judgehost = j1_.hostname LEFT JOIN rejudging r2_ ON j0_.rejudgingid = r2_.rejudgingid WHERE j1_.hostname = ? AND j0_.endtime IS NULL AND (j0_.valid = 1 OR r2_.valid = 1)' with params [\"a9c6aedf9fa2-0\"]:\n\nSQLSTATE[42S22]: Column not found: 1054 Unknown column 'j0_.task_result' in 'field list'"}
[May 12 23:02:35.890] judgedaemon[44]: Registering judgehost on endpoint default failed.
[May 12 23:03:05.890] judgedaemon[44]: Registering judgehost on endpoint default: http://domserver/api/v4
[May 12 23:03:05.893] judgedaemon[44]: API request POST judgehosts
[May 12 23:03:05.998] judgedaemon[44]: warning: Error while executing curl POST to url http://domserver/api/v4/judgehosts: http status code: 500, request size = 23, response: {"code":500,"message":"An exception occurred while executing 'SELECT j0_.judgingid AS judgingid_0, j0_.cid AS cid_1, j0_.submitid AS submitid_2, j0_.starttime AS starttime_3, j0_.endtime AS endtime_4, j0_.result AS result_5, j0_.verified AS verified_6, j0_.jury_member AS jury_member_7, j0_.verify_comment AS verify_comment_8, j0_.valid AS valid_9, j0_.output_compile AS output_compile_10, j0_.seen AS seen_11, j0_.rejudgingid AS rejudgingid_12, j0_.prevjudgingid AS prevjudgingid_13, j0_.judgehost AS judgehost_14, j0_.task_result AS task_result_15, j0_.cid AS cid_16, j0_.submitid AS submitid_17, j0_.judgehost AS judgehost_18, j0_.rejudgingid AS rejudgingid_19, j0_.prevjudgingid AS prevjudgingid_20 FROM judging j0_ INNER JOIN judgehost j1_ ON j0_.judgehost = j1_.hostname LEFT JOIN rejudging r2_ ON j0_.rejudgingid = r2_.rejudgingid WHERE j1_.hostname = ? AND j0_.endtime IS NULL AND (j0_.valid = 1 OR r2_.valid = 1)' with params [\"a9c6aedf9fa2-0\"]:\n\nSQLSTATE[42S22]: Column not found: 1054 Unknown column 'j0_.task_result' in 'field list'"}
[May 12 23:03:05.998] judgedaemon[44]: Registering judgehost on endpoint default failed.
[May 12 23:03:35.999] judgedaemon[44]: Registering judgehost on endpoint default: http://domserver/api/v4
[May 12 23:03:36.004] judgedaemon[44]: API request POST judgehosts
[May 12 23:03:36.113] judgedaemon[44]: warning: Error while executing curl POST to url http://domserver/api/v4/judgehosts: http status code: 500, request size = 23, response: {"code":500,"message":"An exception occurred while executing 'SELECT j0_.judgingid AS judgingid_0, j0_.cid AS cid_1, j0_.submitid AS submitid_2, j0_.starttime AS starttime_3, j0_.endtime AS endtime_4, j0_.result AS result_5, j0_.verified AS verified_6, j0_.jury_member AS jury_member_7, j0_.verify_comment AS verify_comment_8, j0_.valid AS valid_9, j0_.output_compile AS output_compile_10, j0_.seen AS seen_11, j0_.rejudgingid AS rejudgingid_12, j0_.prevjudgingid AS prevjudgingid_13, j0_.judgehost AS judgehost_14, j0_.task_result AS task_result_15, j0_.cid AS cid_16, j0_.submitid AS submitid_17, j0_.judgehost AS judgehost_18, j0_.rejudgingid AS rejudgingid_19, j0_.prevjudgingid AS prevjudgingid_20 FROM judging j0_ INNER JOIN judgehost j1_ ON j0_.judgehost = j1_.hostname LEFT JOIN rejudging r2_ ON j0_.rejudgingid = r2_.rejudgingid WHERE j1_.hostname = ? AND j0_.endtime IS NULL AND (j0_.valid = 1 OR r2_.valid = 1)' with params [\"a9c6aedf9fa2-0\"]:\n\nSQLSTATE[42S22]: Column not found: 1054 Unknown column 'j0_.task_result' in 'field list'"}
[May 12 23:03:36.113] judgedaemon[44]: Registering judgehost on endpoint default failed.
[May 12 23:04:06.114] judgedaemon[44]: Registering judgehost on endpoint default: http://domserver/api/v4
[May 12 23:04:06.132] judgedaemon[44]: API request POST judgehosts
[May 12 23:04:06.170] judgedaemon[44]: warning: Error while executing curl POST to url http://domserver/api/v4/judgehosts: http status code: 500, request size = 23, response: {"code":500,"message":"An exception occurred while executing 'SELECT t0.userid AS userid_1, t0.username AS username_2, t0.name AS name_3, t0.email AS email_4, t0.last_login AS last_login_5, t0.first_login AS first_login_6, t0.last_ip_address AS last_ip_address_7, t0.password AS password_8, t0.ip_address AS ip_address_9, t0.enabled AS enabled_10, t0.teamid AS teamid_11, t0.teamid AS teamid_12 FROM user t0 WHERE t0.username = ? LIMIT 1' with params [\"judgehost\"]:\n\nSQLSTATE[42S02]: Base table or view not found: 1146 Table 'domjudge.user' doesn't exist"}
[May 12 23:04:06.170] judgedaemon[44]: Registering judgehost on endpoint default failed.
[May 12 23:04:36.171] judgedaemon[44]: Registering judgehost on endpoint default: http://domserver/api/v4
[May 12 23:04:36.173] judgedaemon[44]: API request POST judgehosts
[May 12 23:04:36.925] judgedaemon[44]: Reconnected to endpoint default.
[May 12 23:04:41.925] judgedaemon[44]: API request GET config
[May 12 23:04:42.079] judgedaemon[44]: API request POST judgehosts/next-judging/a9c6aedf9fa2-0
[May 12 23:04:42.350] judgedaemon[44]: No submissions in queue (for endpoint default), waiting...
[May 13 12:53:22.641] judgedaemon[44]: Signal 15 received
[May 13 12:53:22.642] judgedaemon[44]: Received signal, exiting.
