[Mar 02 15:08:22.721] judgedaemon[44]: Judge started on eacc77aacb24-0 [DOMjudge/7.2.0]
[Mar 02 15:08:22.723] judgedaemon[44]: Installing signal handlers
[Mar 02 15:08:22.724] judgedaemon[44]: executing chroot script: 'chroot-startstop.sh check'
[Mar 02 15:08:22.725] judgedaemon[44]: Registering judgehost on endpoint default: http://domserver/api/v4
[Mar 02 15:08:22.727] judgedaemon[44]: API request POST judgehosts
[Mar 02 15:08:23.748] judgedaemon[44]: warning: Error while executing curl POST to url http://domserver/api/v4/judgehosts: Failed to connect to domserver port 80: Connection refused
[Mar 02 15:08:23.748] judgedaemon[44]: Registering judgehost on endpoint default failed.
[Mar 02 15:08:53.749] judgedaemon[44]: Registering judgehost on endpoint default: http://domserver/api/v4
[Mar 02 15:08:53.753] judgedaemon[44]: API request POST judgehosts
[Mar 02 15:08:53.754] judgedaemon[44]: warning: Error while executing curl POST to url http://domserver/api/v4/judgehosts: Failed to connect to domserver port 80: Connection refused
[Mar 02 15:08:53.754] judgedaemon[44]: Registering judgehost on endpoint default failed.
[Mar 02 15:09:23.755] judgedaemon[44]: Registering judgehost on endpoint default: http://domserver/api/v4
[Mar 02 15:09:23.756] judgedaemon[44]: API request POST judgehosts
[Mar 02 15:09:23.757] judgedaemon[44]: warning: Error while executing curl POST to url http://domserver/api/v4/judgehosts: Failed to connect to domserver port 80: Connection refused
[Mar 02 15:09:23.757] judgedaemon[44]: Registering judgehost on endpoint default failed.
[Mar 02 15:09:53.758] judgedaemon[44]: Registering judgehost on endpoint default: http://domserver/api/v4
[Mar 02 15:09:53.759] judgedaemon[44]: API request POST judgehosts
[Mar 02 15:09:53.772] judgedaemon[44]: warning: Error while executing curl POST to url http://domserver/api/v4/judgehosts: Could not resolve host: domserver
[Mar 02 15:09:53.772] judgedaemon[44]: Registering judgehost on endpoint default failed.
[Mar 02 15:10:23.773] judgedaemon[44]: Registering judgehost on endpoint default: http://domserver/api/v4
[Mar 02 15:10:23.779] judgedaemon[44]: API request POST judgehosts
[Mar 02 15:10:23.798] judgedaemon[44]: warning: Error while executing curl POST to url http://domserver/api/v4/judgehosts: Could not resolve host: domserver
[Mar 02 15:10:23.798] judgedaemon[44]: Registering judgehost on endpoint default failed.
[Mar 02 15:10:53.799] judgedaemon[44]: Registering judgehost on endpoint default: http://domserver/api/v4
[Mar 02 15:10:53.804] judgedaemon[44]: API request POST judgehosts
[Mar 02 15:10:53.821] judgedaemon[44]: warning: Error while executing curl POST to url http://domserver/api/v4/judgehosts: Could not resolve host: domserver
[Mar 02 15:10:53.821] judgedaemon[44]: Registering judgehost on endpoint default failed.
[Mar 02 15:11:23.822] judgedaemon[44]: Registering judgehost on endpoint default: http://domserver/api/v4
[Mar 02 15:11:23.824] judgedaemon[44]: API request POST judgehosts
[Mar 02 15:11:23.825] judgedaemon[44]: warning: Error while executing curl POST to url http://domserver/api/v4/judgehosts: Failed to connect to domserver port 80: Connection refused
[Mar 02 15:11:23.825] judgedaemon[44]: Registering judgehost on endpoint default failed.
[Mar 02 15:11:53.826] judgedaemon[44]: Registering judgehost on endpoint default: http://domserver/api/v4
[Mar 02 15:11:53.827] judgedaemon[44]: API request POST judgehosts
[Mar 02 15:11:53.840] judgedaemon[44]: warning: Error while executing curl POST to url http://domserver/api/v4/judgehosts: Could not resolve host: domserver
[Mar 02 15:11:53.840] judgedaemon[44]: Registering judgehost on endpoint default failed.
[Mar 02 15:12:23.841] judgedaemon[44]: Registering judgehost on endpoint default: http://domserver/api/v4
[Mar 02 15:12:23.842] judgedaemon[44]: API request POST judgehosts
[Mar 02 15:12:23.856] judgedaemon[44]: warning: Error while executing curl POST to url http://domserver/api/v4/judgehosts: Could not resolve host: domserver
[Mar 02 15:12:23.856] judgedaemon[44]: Registering judgehost on endpoint default failed.
[Mar 02 15:12:53.857] judgedaemon[44]: Registering judgehost on endpoint default: http://domserver/api/v4
[Mar 02 15:12:53.863] judgedaemon[44]: API request POST judgehosts
[Mar 02 15:12:53.876] judgedaemon[44]: warning: Error while executing curl POST to url http://domserver/api/v4/judgehosts: Could not resolve host: domserver
[Mar 02 15:12:53.876] judgedaemon[44]: Registering judgehost on endpoint default failed.
[Mar 02 15:13:23.877] judgedaemon[44]: Registering judgehost on endpoint default: http://domserver/api/v4
[Mar 02 15:13:23.879] judgedaemon[44]: API request POST judgehosts
[Mar 02 15:13:23.891] judgedaemon[44]: warning: Error while executing curl POST to url http://domserver/api/v4/judgehosts: Could not resolve host: domserver
[Mar 02 15:13:23.891] judgedaemon[44]: Registering judgehost on endpoint default failed.
[Mar 02 15:13:53.892] judgedaemon[44]: Registering judgehost on endpoint default: http://domserver/api/v4
[Mar 02 15:13:53.894] judgedaemon[44]: API request POST judgehosts
[Mar 02 15:13:53.907] judgedaemon[44]: warning: Error while executing curl POST to url http://domserver/api/v4/judgehosts: Could not resolve host: domserver
[Mar 02 15:13:53.907] judgedaemon[44]: Registering judgehost on endpoint default failed.
[Mar 02 15:14:23.908] judgedaemon[44]: Registering judgehost on endpoint default: http://domserver/api/v4
[Mar 02 15:14:23.913] judgedaemon[44]: API request POST judgehosts
[Mar 02 15:14:23.927] judgedaemon[44]: warning: Error while executing curl POST to url http://domserver/api/v4/judgehosts: Could not resolve host: domserver
[Mar 02 15:14:23.927] judgedaemon[44]: Registering judgehost on endpoint default failed.
[Mar 02 15:14:53.928] judgedaemon[44]: Registering judgehost on endpoint default: http://domserver/api/v4
[Mar 02 15:14:53.933] judgedaemon[44]: API request POST judgehosts
[Mar 02 15:14:53.947] judgedaemon[44]: warning: Error while executing curl POST to url http://domserver/api/v4/judgehosts: Could not resolve host: domserver
[Mar 02 15:14:53.947] judgedaemon[44]: Registering judgehost on endpoint default failed.
[Mar 02 15:15:23.948] judgedaemon[44]: Registering judgehost on endpoint default: http://domserver/api/v4
[Mar 02 15:15:23.951] judgedaemon[44]: API request POST judgehosts
[Mar 02 15:15:23.969] judgedaemon[44]: warning: Error while executing curl POST to url http://domserver/api/v4/judgehosts: Could not resolve host: domserver
[Mar 02 15:15:23.969] judgedaemon[44]: Registering judgehost on endpoint default failed.
[Mar 02 15:15:53.970] judgedaemon[44]: Registering judgehost on endpoint default: http://domserver/api/v4
[Mar 02 15:15:53.974] judgedaemon[44]: API request POST judgehosts
[Mar 02 15:15:53.991] judgedaemon[44]: warning: Error while executing curl POST to url http://domserver/api/v4/judgehosts: Could not resolve host: domserver
[Mar 02 15:15:53.991] judgedaemon[44]: Registering judgehost on endpoint default failed.
[Mar 02 15:16:23.992] judgedaemon[44]: Registering judgehost on endpoint default: http://domserver/api/v4
[Mar 02 15:16:23.998] judgedaemon[44]: API request POST judgehosts
[Mar 02 15:16:24.012] judgedaemon[44]: warning: Error while executing curl POST to url http://domserver/api/v4/judgehosts: Could not resolve host: domserver
[Mar 02 15:16:24.012] judgedaemon[44]: Registering judgehost on endpoint default failed.
[Mar 02 15:16:54.013] judgedaemon[44]: Registering judgehost on endpoint default: http://domserver/api/v4
[Mar 02 15:16:54.018] judgedaemon[44]: API request POST judgehosts
[Mar 02 15:16:54.031] judgedaemon[44]: warning: Error while executing curl POST to url http://domserver/api/v4/judgehosts: Could not resolve host: domserver
[Mar 02 15:16:54.031] judgedaemon[44]: Registering judgehost on endpoint default failed.
[Mar 02 15:17:24.032] judgedaemon[44]: Registering judgehost on endpoint default: http://domserver/api/v4
[Mar 02 15:17:24.034] judgedaemon[44]: API request POST judgehosts
[Mar 02 15:17:24.052] judgedaemon[44]: warning: Error while executing curl POST to url http://domserver/api/v4/judgehosts: Could not resolve host: domserver
[Mar 02 15:17:24.052] judgedaemon[44]: Registering judgehost on endpoint default failed.
[Mar 02 15:17:54.053] judgedaemon[44]: Registering judgehost on endpoint default: http://domserver/api/v4
[Mar 02 15:17:54.057] judgedaemon[44]: API request POST judgehosts
[Mar 02 15:17:54.071] judgedaemon[44]: warning: Error while executing curl POST to url http://domserver/api/v4/judgehosts: Could not resolve host: domserver
[Mar 02 15:17:54.071] judgedaemon[44]: Registering judgehost on endpoint default failed.
[Mar 02 15:18:24.072] judgedaemon[44]: Registering judgehost on endpoint default: http://domserver/api/v4
[Mar 02 15:18:24.073] judgedaemon[44]: API request POST judgehosts
[Mar 02 15:18:24.087] judgedaemon[44]: warning: Error while executing curl POST to url http://domserver/api/v4/judgehosts: Could not resolve host: domserver
[Mar 02 15:18:24.087] judgedaemon[44]: Registering judgehost on endpoint default failed.
[Mar 02 15:18:54.088] judgedaemon[44]: Registering judgehost on endpoint default: http://domserver/api/v4
[Mar 02 15:18:54.092] judgedaemon[44]: API request POST judgehosts
[Mar 02 15:18:54.106] judgedaemon[44]: warning: Error while executing curl POST to url http://domserver/api/v4/judgehosts: Could not resolve host: domserver
[Mar 02 15:18:54.106] judgedaemon[44]: Registering judgehost on endpoint default failed.
[Mar 02 15:19:24.107] judgedaemon[44]: Registering judgehost on endpoint default: http://domserver/api/v4
[Mar 02 15:19:24.109] judgedaemon[44]: API request POST judgehosts
[Mar 02 15:19:24.127] judgedaemon[44]: warning: Error while executing curl POST to url http://domserver/api/v4/judgehosts: Could not resolve host: domserver
[Mar 02 15:19:24.127] judgedaemon[44]: Registering judgehost on endpoint default failed.
[Mar 02 15:19:54.128] judgedaemon[44]: Registering judgehost on endpoint default: http://domserver/api/v4
[Mar 02 15:19:54.132] judgedaemon[44]: API request POST judgehosts
[Mar 02 15:19:54.146] judgedaemon[44]: warning: Error while executing curl POST to url http://domserver/api/v4/judgehosts: Could not resolve host: domserver
[Mar 02 15:19:54.146] judgedaemon[44]: Registering judgehost on endpoint default failed.
[Mar 02 15:20:24.147] judgedaemon[44]: Registering judgehost on endpoint default: http://domserver/api/v4
[Mar 02 15:20:24.152] judgedaemon[44]: API request POST judgehosts
[Mar 02 15:20:24.166] judgedaemon[44]: warning: Error while executing curl POST to url http://domserver/api/v4/judgehosts: Could not resolve host: domserver
[Mar 02 15:20:24.166] judgedaemon[44]: Registering judgehost on endpoint default failed.
[Mar 02 15:20:54.167] judgedaemon[44]: Registering judgehost on endpoint default: http://domserver/api/v4
[Mar 02 15:20:54.169] judgedaemon[44]: API request POST judgehosts
[Mar 02 15:20:54.183] judgedaemon[44]: warning: Error while executing curl POST to url http://domserver/api/v4/judgehosts: Could not resolve host: domserver
[Mar 02 15:20:54.183] judgedaemon[44]: Registering judgehost on endpoint default failed.
[Mar 02 15:21:24.184] judgedaemon[44]: Registering judgehost on endpoint default: http://domserver/api/v4
[Mar 02 15:21:24.186] judgedaemon[44]: API request POST judgehosts
[Mar 02 15:21:24.199] judgedaemon[44]: warning: Error while executing curl POST to url http://domserver/api/v4/judgehosts: Could not resolve host: domserver
[Mar 02 15:21:24.199] judgedaemon[44]: Registering judgehost on endpoint default failed.
[Mar 02 15:21:54.200] judgedaemon[44]: Registering judgehost on endpoint default: http://domserver/api/v4
[Mar 02 15:21:54.203] judgedaemon[44]: API request POST judgehosts
[Mar 02 15:21:54.217] judgedaemon[44]: warning: Error while executing curl POST to url http://domserver/api/v4/judgehosts: Could not resolve host: domserver
[Mar 02 15:21:54.217] judgedaemon[44]: Registering judgehost on endpoint default failed.
[Mar 02 15:22:24.218] judgedaemon[44]: Registering judgehost on endpoint default: http://domserver/api/v4
[Mar 02 15:22:24.223] judgedaemon[44]: API request POST judgehosts
[Mar 02 15:22:24.237] judgedaemon[44]: warning: Error while executing curl POST to url http://domserver/api/v4/judgehosts: Could not resolve host: domserver
[Mar 02 15:22:24.237] judgedaemon[44]: Registering judgehost on endpoint default failed.
[Mar 02 15:22:54.238] judgedaemon[44]: Registering judgehost on endpoint default: http://domserver/api/v4
[Mar 02 15:22:54.244] judgedaemon[44]: API request POST judgehosts
[Mar 02 15:22:54.257] judgedaemon[44]: warning: Error while executing curl POST to url http://domserver/api/v4/judgehosts: Could not resolve host: domserver
[Mar 02 15:22:54.257] judgedaemon[44]: Registering judgehost on endpoint default failed.
[Mar 02 15:23:24.258] judgedaemon[44]: Registering judgehost on endpoint default: http://domserver/api/v4
[Mar 02 15:23:24.260] judgedaemon[44]: API request POST judgehosts
[Mar 02 15:23:25.280] judgedaemon[44]: warning: Error while executing curl POST to url http://domserver/api/v4/judgehosts: Failed to connect to domserver port 80: Connection refused
[Mar 02 15:23:25.280] judgedaemon[44]: Registering judgehost on endpoint default failed.
[Mar 02 15:23:25.454] judgedaemon[44]: Signal 15 received
[Mar 02 15:23:25.454] judgedaemon[44]: Received signal, exiting.
